<?xml version="1.0" encoding="UTF-8"?>
<testsuite name="FizzbuzzTest" tests="6" skipped="0" failures="0" errors="0" timestamp="2019-09-12T11:11:25" hostname="Makerss-MacBook-Pro.local" time="0.003">
  <properties/>
  <testcase name="printBUzzForMultiples5" classname="FizzbuzzTest" time="0.001"/>
  <testcase name="printBuzzFor5" classname="FizzbuzzTest" time="0.0"/>
  <testcase name="printFizzFor3" classname="FizzbuzzTest" time="0.0"/>
  <testcase name="printFizzBuzzFor3And5" classname="FizzbuzzTest" time="0.0"/>
  <testcase name="printFizzForMulitples3" classname="FizzbuzzTest" time="0.0"/>
  <testcase name="printNumberForNonMulitple3" classname="FizzbuzzTest" time="0.0"/>
  <system-out><![CDATA[]]></system-out>
  <system-err><![CDATA[]]></system-err>
</testsuite>
